<?xml version="1.0" encoding="UTF-8"?>
<!-- Generated by org.testng.reporters.JUnitReportReporter -->
<testsuite skipped="0" hostname="DESKTOP-RKGN95B" name="tests.DemoBankingFunctionsTest" tests="3" failures="0" timestamp="17 Jul 2018 00:26:23 GMT" time="56.540" errors="0">
  <testcase name="createNewCustomer" time="18.827" classname="tests.DemoBankingFunctionsTest"/>
  <testcase name="createNewAccount" time="20.426" classname="tests.DemoBankingFunctionsTest"/>
  <testcase name="depositFunction" time="17.287" classname="tests.DemoBankingFunctionsTest"/>
</testsuite> <!-- tests.DemoBankingFunctionsTest -->
